d:\visual studio 2019\storegui\storegui\x64\debug\vc142.pdb
d:\visual studio 2019\storegui\storegui\x64\debug\qrc_main_window.obj
d:\visual studio 2019\storegui\storegui\x64\debug\main.obj
d:\visual studio 2019\storegui\storegui\x64\debug\main_window.obj
d:\visual studio 2019\storegui\storegui\x64\debug\moc_main_window.obj
d:\visual studio 2019\storegui\_build\x64\debug\storegui.exe
d:\visual studio 2019\storegui\_build\x64\debug\storegui.ilk
d:\visual studio 2019\storegui\_build\x64\debug\storegui.pdb
d:\visual studio 2019\storegui\storegui\x64\debug\moc\moc_main_window.cpp
d:\visual studio 2019\storegui\storegui\x64\debug\rcc\qrc_main_window.cpp
d:\visual studio 2019\storegui\storegui\x64\debug\uic\ui_main_window.h
d:\visual studio 2019\storegui\\_build\x64\debug\storegui.pdb
d:\visual studio 2019\storegui\\_build\x64\debug\storegui.ilk
d:\visual studio 2019\storegui\storegui\x64\debug\storegui.tlog\cl.command.1.tlog
d:\visual studio 2019\storegui\storegui\x64\debug\storegui.tlog\cl.read.1.tlog
d:\visual studio 2019\storegui\storegui\x64\debug\storegui.tlog\cl.write.1.tlog
d:\visual studio 2019\storegui\storegui\x64\debug\storegui.tlog\link.command.1.tlog
d:\visual studio 2019\storegui\storegui\x64\debug\storegui.tlog\link.read.1.tlog
d:\visual studio 2019\storegui\storegui\x64\debug\storegui.tlog\link.write.1.tlog
d:\visual studio 2019\storegui\storegui\x64\debug\storegui.tlog\moc.read.1u.tlog
d:\visual studio 2019\storegui\storegui\x64\debug\storegui.tlog\moc.write.1u.tlog
d:\visual studio 2019\storegui\storegui\x64\debug\storegui.tlog\rcc.read.1u.tlog
d:\visual studio 2019\storegui\storegui\x64\debug\storegui.tlog\rcc.write.1u.tlog
d:\visual studio 2019\storegui\storegui\x64\debug\storegui.tlog\storegui.write.1u.tlog
d:\visual studio 2019\storegui\storegui\x64\debug\storegui.tlog\uic.read.1u.tlog
d:\visual studio 2019\storegui\storegui\x64\debug\storegui.tlog\uic.write.1u.tlog
